2024-03-06 23:22:54	DEBUG	gin@v1.9.1/context.go:174	sugarLogger startServer log，path is /user, query is , ip is 192.168.1.3

2024-03-06 23:22:54	INFO	gin@v1.9.1/context.go:174	Path:/user，Method:GET，StatusCode:200，IP:192.168.1.3，ErrMsg:，Cost:868500
2024-03-06 23:23:04	INFO	gin@v1.9.1/context.go:174	Path:/usep，Method:GET，StatusCode:404，IP:192.168.1.3，ErrMsg:，Cost:709
2024-03-06 23:23:07	ERROR	runtime/panic.go:914	[Recovery] panic recovered:
This is a deliberate panic for testing or demonstration purposes
GET /p HTTP/1.1
Host: 192.168.1.3:6688
Accept: */*
User-Agent: curl/7.82.0

goroutine 34 [running]:
runtime/debug.Stack()
	/opt/homebrew/Cellar/go/1.21.3/libexec/src/runtime/debug/stack.go:24 +0x64
main.RunServer.GinZapRecovery.func4.1()
	/Users/mx/Desktop/mx/backend-related/go-logs-relared/zap-related/5-inject-gin.go:177 +0x280
panic({0x102b57840?, 0x102bef5b8?})
	/opt/homebrew/Cellar/go/1.21.3/libexec/src/runtime/panic.go:914 +0x218
main.RunServer.func2(0x1407bc48bc7?)
	/Users/mx/Desktop/mx/backend-related/go-logs-relared/zap-related/5-inject-gin.go:55 +0x2c
github.com/gin-gonic/gin.(*Context).Next(0x140000aa100)
	/Users/mx/go/pkg/mod/github.com/gin-gonic/gin@v1.9.1/context.go:174 +0x3c
main.RunServer.GinZapRecovery.func4(0x1400009e828?)
	/Users/mx/Desktop/mx/backend-related/go-logs-relared/zap-related/5-inject-gin.go:189 +0x60
github.com/gin-gonic/gin.(*Context).Next(0x140000aa100)
	/Users/mx/go/pkg/mod/github.com/gin-gonic/gin@v1.9.1/context.go:174 +0x3c
main.RunServer.GinZapLogger.func3(0x140000aa100)
	/Users/mx/Desktop/mx/backend-related/go-logs-relared/zap-related/5-inject-gin.go:118 +0x70
github.com/gin-gonic/gin.(*Context).Next(...)
	/Users/mx/go/pkg/mod/github.com/gin-gonic/gin@v1.9.1/context.go:174
github.com/gin-gonic/gin.(*Engine).handleHTTPRequest(0x1400014f860, 0x140000aa100)
	/Users/mx/go/pkg/mod/github.com/gin-gonic/gin@v1.9.1/gin.go:620 +0x524
github.com/gin-gonic/gin.(*Engine).ServeHTTP(0x1400014f860, {0x102bf4260?, 0x140000b4000}, 0x140000aa000)
	/Users/mx/go/pkg/mod/github.com/gin-gonic/gin@v1.9.1/gin.go:576 +0x1a0
net/http.serverHandler.ServeHTTP({0x14000092090?}, {0x102bf4260?, 0x140000b4000?}, 0x6?)
	/opt/homebrew/Cellar/go/1.21.3/libexec/src/net/http/server.go:2938 +0xbc
net/http.(*conn).serve(0x14000096000, {0x102bf49e8, 0x14000411350})
	/opt/homebrew/Cellar/go/1.21.3/libexec/src/net/http/server.go:2009 +0x518
created by net/http.(*Server).Serve in goroutine 1
	/opt/homebrew/Cellar/go/1.21.3/libexec/src/net/http/server.go:3086 +0x4cc

2024-03-06 23:23:07	INFO	gin@v1.9.1/context.go:174	Path:/p，Method:GET，StatusCode:500，IP:192.168.1.3，ErrMsg:，Cost:286209
2024-03-06 23:24:41	DEBUG	gin@v1.9.1/context.go:174	sugarLogger startServer log，path is /user, query is , ip is 192.168.1.3

2024-03-06 23:24:41	INFO	gin@v1.9.1/context.go:174	Path:/user，Method:GET，StatusCode:200，IP:192.168.1.3，ErrMsg:，Cost:551083
2024-03-06 23:25:28	DEBUG	gin@v1.9.1/context.go:174	sugarLogger startServer log，path is /user, query is , ip is 192.168.1.3

2024-03-06 23:25:28	INFO	gin@v1.9.1/context.go:174	Path:/user，Method:GET，StatusCode:200，IP:192.168.1.3，ErrMsg:，Cost:453125
